<?xml version="1.0" encoding="UTF-8"?>
<!-- Generated by org.testng.reporters.JUnitReportReporter -->
<testsuite hostname="MridulaKulkarni" failures="0" tests="3" name="com.qa.opencart.test.ProductPageTest" time="5.488" errors="0" timestamp="2025-03-21T12:22:48 IST" skipped="0">
  <testcase classname="com.qa.opencart.test.ProductPageTest" name="productImagesCountTest" time="1.326"/>
  <testcase classname="com.qa.opencart.test.ProductPageTest" name="productImagesCountTest" time="1.468"/>
  <testcase classname="com.qa.opencart.test.ProductPageTest" name="productImagesCountTest" time="2.694"/>
</testsuite> <!-- com.qa.opencart.test.ProductPageTest -->
