<?xml version="1.0" encoding="UTF-8"?>
<!-- Generated by org.testng.reporters.JUnitReportReporter -->
<testsuite hostname="MridulaKulkarni" failures="0" tests="3" name="com.qa.opencart.test.RegisterTest" time="8.705" errors="0" timestamp="2025-03-21T00:25:56 IST" skipped="0">
  <testcase classname="com.qa.opencart.test.RegisterTest" name="registerUserTest" time="3.431"/>
  <testcase classname="com.qa.opencart.test.RegisterTest" name="registerUserTest" time="2.657"/>
  <testcase classname="com.qa.opencart.test.RegisterTest" name="registerUserTest" time="2.617"/>
</testsuite> <!-- com.qa.opencart.test.RegisterTest -->
