<?xml version="1.0" encoding="UTF-8"?>
<!-- Generated by org.testng.reporters.JUnitReportReporter -->
<testsuite hostname="MridulaKulkarni" failures="0" tests="3" name="testng.TestNgConcepts" time="0.018" errors="0" timestamp="2025-03-15T14:06:49 IST" skipped="0">
  <testcase classname="testng.TestNgConcepts" name="addToCartTest" time="0.012"/>
  <testcase classname="testng.TestNgConcepts" name="paymentTest" time="0.003"/>
  <testcase classname="testng.TestNgConcepts" name="searchTest" time="0.003"/>
</testsuite> <!-- testng.TestNgConcepts -->
